The system is: Darwin - 15.3.0 - x86_64
Compiling the C compiler identification source file "CMakeCCompilerId.c" succeeded.
Compiler: /Library/Developer/CommandLineTools/usr/bin/cc 
Build flags: 
Id flags:  

The output was:
0


Compilation of the C compiler identification source "CMakeCCompilerId.c" produced "a.out"

The C compiler identification is AppleClang, found in "/Users/minhnguyen/Documents/Learning/udacity/CarND-Extended-Kalman-Filter-Project/build/CMakeFiles/3.8.2/CompilerIdC/a.out"

Compiling the CXX compiler identification source file "CMakeCXXCompilerId.cpp" succeeded.
Compiler: /Library/Developer/CommandLineTools/usr/bin/c++ 
Build flags: 
Id flags:  

The output was:
0


Compilation of the CXX compiler identification source "CMakeCXXCompilerId.cpp" produced "a.out"

The CXX compiler identification is AppleClang, found in "/Users/minhnguyen/Documents/Learning/udacity/CarND-Extended-Kalman-Filter-Project/build/CMakeFiles/3.8.2/CompilerIdCXX/a.out"

Determining if the C compiler works passed with the following output:
Change Dir: /Users/minhnguyen/Documents/Learning/udacity/CarND-Extended-Kalman-Filter-Project/build/CMakeFiles/CMakeTmp

Run Build Command:"/usr/local/bin/gmake" "cmTC_a4fe9/fast"
/usr/local/bin/gmake -f CMakeFiles/cmTC_a4fe9.dir/build.make CMakeFiles/cmTC_a4fe9.dir/build
gmake[1]: Entering directory '/Users/minhnguyen/Documents/Learning/udacity/CarND-Extended-Kalman-Filter-Project/build/CMakeFiles/CMakeTmp'
Building C object CMakeFiles/cmTC_a4fe9.dir/testCCompiler.c.o
/Library/Developer/CommandLineTools/usr/bin/cc    -o CMakeFiles/cmTC_a4fe9.dir/testCCompiler.c.o   -c /Users/minhnguyen/Documents/Learning/udacity/CarND-Extended-Kalman-Filter-Project/build/CMakeFiles/CMakeTmp/testCCompiler.c
Linking C executable cmTC_a4fe9
/usr/local/Cellar/cmake/3.8.2/bin/cmake -E cmake_link_script CMakeFiles/cmTC_a4fe9.dir/link.txt --verbose=1
/Library/Developer/CommandLineTools/usr/bin/cc   -Wl,-search_paths_first -Wl,-headerpad_max_install_names   CMakeFiles/cmTC_a4fe9.dir/testCCompiler.c.o  -o cmTC_a4fe9 
gmake[1]: Leaving directory '/Users/minhnguyen/Documents/Learning/udacity/CarND-Extended-Kalman-Filter-Project/build/CMakeFiles/CMakeTmp'


Detecting C compiler ABI info compiled with the following output:
Change Dir: /Users/minhnguyen/Documents/Learning/udacity/CarND-Extended-Kalman-Filter-Project/build/CMakeFiles/CMakeTmp

Run Build Command:"/usr/local/bin/gmake" "cmTC_f0d60/fast"
/usr/local/bin/gmake -f CMakeFiles/cmTC_f0d60.dir/build.make CMakeFiles/cmTC_f0d60.dir/build
gmake[1]: Entering directory '/Users/minhnguyen/Documents/Learning/udacity/CarND-Extended-Kalman-Filter-Project/build/CMakeFiles/CMakeTmp'
Building C object CMakeFiles/cmTC_f0d60.dir/CMakeCCompilerABI.c.o
/Library/Developer/CommandLineTools/usr/bin/cc    -o CMakeFiles/cmTC_f0d60.dir/CMakeCCompilerABI.c.o   -c /usr/local/Cellar/cmake/3.8.2/share/cmake/Modules/CMakeCCompilerABI.c
Linking C executable cmTC_f0d60
/usr/local/Cellar/cmake/3.8.2/bin/cmake -E cmake_link_script CMakeFiles/cmTC_f0d60.dir/link.txt --verbose=1
/Library/Developer/CommandLineTools/usr/bin/cc   -Wl,-search_paths_first -Wl,-headerpad_max_install_names  -v -Wl,-v CMakeFiles/cmTC_f0d60.dir/CMakeCCompilerABI.c.o  -o cmTC_f0d60 
Apple LLVM version 7.3.0 (clang-703.0.31)
Target: x86_64-apple-darwin15.3.0
Thread model: posix
InstalledDir: /Library/Developer/CommandLineTools/usr/bin
 "/Library/Developer/CommandLineTools/usr/bin/ld" -demangle -dynamic -arch x86_64 -macosx_version_min 10.11.0 -o cmTC_f0d60 -search_paths_first -headerpad_max_install_names -v CMakeFiles/cmTC_f0d60.dir/CMakeCCompilerABI.c.o -lSystem /Library/Developer/CommandLineTools/usr/bin/../lib/clang/7.3.0/lib/darwin/libclang_rt.osx.a
@(#)PROGRAM:ld  PROJECT:ld64-264.3.102
configured to support archs: armv6 armv7 armv7s arm64 i386 x86_64 x86_64h armv6m armv7k armv7m armv7em (tvOS)
Library search paths:
	/usr/lib
	/usr/local/lib
Framework search paths:
	/Library/Frameworks/
	/System/Library/Frameworks/
gmake[1]: Leaving directory '/Users/minhnguyen/Documents/Learning/udacity/CarND-Extended-Kalman-Filter-Project/build/CMakeFiles/CMakeTmp'


Parsed C implicit link information from above output:
  link line regex: [^( *|.*[/\])(ld|([^/\]+-)?ld|collect2)[^/\]*( |$)]
  ignore line: [Change Dir: /Users/minhnguyen/Documents/Learning/udacity/CarND-Extended-Kalman-Filter-Project/build/CMakeFiles/CMakeTmp]
  ignore line: []
  ignore line: [Run Build Command:"/usr/local/bin/gmake" "cmTC_f0d60/fast"]
  ignore line: [/usr/local/bin/gmake -f CMakeFiles/cmTC_f0d60.dir/build.make CMakeFiles/cmTC_f0d60.dir/build]
  ignore line: [gmake[1]: Entering directory '/Users/minhnguyen/Documents/Learning/udacity/CarND-Extended-Kalman-Filter-Project/build/CMakeFiles/CMakeTmp']
  ignore line: [Building C object CMakeFiles/cmTC_f0d60.dir/CMakeCCompilerABI.c.o]
  ignore line: [/Library/Developer/CommandLineTools/usr/bin/cc    -o CMakeFiles/cmTC_f0d60.dir/CMakeCCompilerABI.c.o   -c /usr/local/Cellar/cmake/3.8.2/share/cmake/Modules/CMakeCCompilerABI.c]
  ignore line: [Linking C executable cmTC_f0d60]
  ignore line: [/usr/local/Cellar/cmake/3.8.2/bin/cmake -E cmake_link_script CMakeFiles/cmTC_f0d60.dir/link.txt --verbose=1]
  ignore line: [/Library/Developer/CommandLineTools/usr/bin/cc   -Wl,-search_paths_first -Wl,-headerpad_max_install_names  -v -Wl,-v CMakeFiles/cmTC_f0d60.dir/CMakeCCompilerABI.c.o  -o cmTC_f0d60 ]
  ignore line: [Apple LLVM version 7.3.0 (clang-703.0.31)]
  ignore line: [Target: x86_64-apple-darwin15.3.0]
  ignore line: [Thread model: posix]
  ignore line: [InstalledDir: /Library/Developer/CommandLineTools/usr/bin]
  link line: [ "/Library/Developer/CommandLineTools/usr/bin/ld" -demangle -dynamic -arch x86_64 -macosx_version_min 10.11.0 -o cmTC_f0d60 -search_paths_first -headerpad_max_install_names -v CMakeFiles/cmTC_f0d60.dir/CMakeCCompilerABI.c.o -lSystem /Library/Developer/CommandLineTools/usr/bin/../lib/clang/7.3.0/lib/darwin/libclang_rt.osx.a]
    arg [/Library/Developer/CommandLineTools/usr/bin/ld] ==> ignore
    arg [-demangle] ==> ignore
    arg [-dynamic] ==> ignore
    arg [-arch] ==> ignore
    arg [x86_64] ==> ignore
    arg [-macosx_version_min] ==> ignore
    arg [10.11.0] ==> ignore
    arg [-o] ==> ignore
    arg [cmTC_f0d60] ==> ignore
    arg [-search_paths_first] ==> ignore
    arg [-headerpad_max_install_names] ==> ignore
    arg [-v] ==> ignore
    arg [CMakeFiles/cmTC_f0d60.dir/CMakeCCompilerABI.c.o] ==> ignore
    arg [-lSystem] ==> lib [System]
    arg [/Library/Developer/CommandLineTools/usr/bin/../lib/clang/7.3.0/lib/darwin/libclang_rt.osx.a] ==> lib [/Library/Developer/CommandLineTools/usr/bin/../lib/clang/7.3.0/lib/darwin/libclang_rt.osx.a]
  Library search paths: [;/usr/lib;/usr/local/lib]
  Framework search paths: [;/Library/Frameworks/;/System/Library/Frameworks/]
  remove lib [System]
  remove lib [/Library/Developer/CommandLineTools/usr/bin/../lib/clang/7.3.0/lib/darwin/libclang_rt.osx.a]
  collapse library dir [/usr/lib] ==> [/usr/lib]
  collapse library dir [/usr/local/lib] ==> [/usr/local/lib]
  collapse framework dir [/Library/Frameworks/] ==> [/Library/Frameworks]
  collapse framework dir [/System/Library/Frameworks/] ==> [/System/Library/Frameworks]
  implicit libs: []
  implicit dirs: [/usr/lib;/usr/local/lib]
  implicit fwks: [/Library/Frameworks;/System/Library/Frameworks]




Detecting C [-std=c11] compiler features compiled with the following output:
Change Dir: /Users/minhnguyen/Documents/Learning/udacity/CarND-Extended-Kalman-Filter-Project/build/CMakeFiles/CMakeTmp

Run Build Command:"/usr/local/bin/gmake" "cmTC_319b3/fast"
/usr/local/bin/gmake -f CMakeFiles/cmTC_319b3.dir/build.make CMakeFiles/cmTC_319b3.dir/build
gmake[1]: Entering directory '/Users/minhnguyen/Documents/Learning/udacity/CarND-Extended-Kalman-Filter-Project/build/CMakeFiles/CMakeTmp'
Building C object CMakeFiles/cmTC_319b3.dir/feature_tests.c.o
/Library/Developer/CommandLineTools/usr/bin/cc   -std=c11 -o CMakeFiles/cmTC_319b3.dir/feature_tests.c.o   -c /Users/minhnguyen/Documents/Learning/udacity/CarND-Extended-Kalman-Filter-Project/build/CMakeFiles/feature_tests.c
Linking C executable cmTC_319b3
/usr/local/Cellar/cmake/3.8.2/bin/cmake -E cmake_link_script CMakeFiles/cmTC_319b3.dir/link.txt --verbose=1
/Library/Developer/CommandLineTools/usr/bin/cc   -Wl,-search_paths_first -Wl,-headerpad_max_install_names   CMakeFiles/cmTC_319b3.dir/feature_tests.c.o  -o cmTC_319b3 
gmake[1]: Leaving directory '/Users/minhnguyen/Documents/Learning/udacity/CarND-Extended-Kalman-Filter-Project/build/CMakeFiles/CMakeTmp'


    Feature record: C_FEATURE:1c_function_prototypes
    Feature record: C_FEATURE:1c_restrict
    Feature record: C_FEATURE:1c_static_assert
    Feature record: C_FEATURE:1c_variadic_macros


Detecting C [-std=c99] compiler features compiled with the following output:
Change Dir: /Users/minhnguyen/Documents/Learning/udacity/CarND-Extended-Kalman-Filter-Project/build/CMakeFiles/CMakeTmp

Run Build Command:"/usr/local/bin/gmake" "cmTC_c4367/fast"
/usr/local/bin/gmake -f CMakeFiles/cmTC_c4367.dir/build.make CMakeFiles/cmTC_c4367.dir/build
gmake[1]: Entering directory '/Users/minhnguyen/Documents/Learning/udacity/CarND-Extended-Kalman-Filter-Project/build/CMakeFiles/CMakeTmp'
Building C object CMakeFiles/cmTC_c4367.dir/feature_tests.c.o
/Library/Developer/CommandLineTools/usr/bin/cc   -std=c99 -o CMakeFiles/cmTC_c4367.dir/feature_tests.c.o   -c /Users/minhnguyen/Documents/Learning/udacity/CarND-Extended-Kalman-Filter-Project/build/CMakeFiles/feature_tests.c
Linking C executable cmTC_c4367
/usr/local/Cellar/cmake/3.8.2/bin/cmake -E cmake_link_script CMakeFiles/cmTC_c4367.dir/link.txt --verbose=1
/Library/Developer/CommandLineTools/usr/bin/cc   -Wl,-search_paths_first -Wl,-headerpad_max_install_names   CMakeFiles/cmTC_c4367.dir/feature_tests.c.o  -o cmTC_c4367 
gmake[1]: Leaving directory '/Users/minhnguyen/Documents/Learning/udacity/CarND-Extended-Kalman-Filter-Project/build/CMakeFiles/CMakeTmp'


    Feature record: C_FEATURE:1c_function_prototypes
    Feature record: C_FEATURE:1c_restrict
    Feature record: C_FEATURE:0c_static_assert
    Feature record: C_FEATURE:1c_variadic_macros


Detecting C [-std=c90] compiler features compiled with the following output:
Change Dir: /Users/minhnguyen/Documents/Learning/udacity/CarND-Extended-Kalman-Filter-Project/build/CMakeFiles/CMakeTmp

Run Build Command:"/usr/local/bin/gmake" "cmTC_07489/fast"
/usr/local/bin/gmake -f CMakeFiles/cmTC_07489.dir/build.make CMakeFiles/cmTC_07489.dir/build
gmake[1]: Entering directory '/Users/minhnguyen/Documents/Learning/udacity/CarND-Extended-Kalman-Filter-Project/build/CMakeFiles/CMakeTmp'
Building C object CMakeFiles/cmTC_07489.dir/feature_tests.c.o
/Library/Developer/CommandLineTools/usr/bin/cc   -std=c90 -o CMakeFiles/cmTC_07489.dir/feature_tests.c.o   -c /Users/minhnguyen/Documents/Learning/udacity/CarND-Extended-Kalman-Filter-Project/build/CMakeFiles/feature_tests.c
Linking C executable cmTC_07489
/usr/local/Cellar/cmake/3.8.2/bin/cmake -E cmake_link_script CMakeFiles/cmTC_07489.dir/link.txt --verbose=1
/Library/Developer/CommandLineTools/usr/bin/cc   -Wl,-search_paths_first -Wl,-headerpad_max_install_names   CMakeFiles/cmTC_07489.dir/feature_tests.c.o  -o cmTC_07489 
gmake[1]: Leaving directory '/Users/minhnguyen/Documents/Learning/udacity/CarND-Extended-Kalman-Filter-Project/build/CMakeFiles/CMakeTmp'


    Feature record: C_FEATURE:1c_function_prototypes
    Feature record: C_FEATURE:0c_restrict
    Feature record: C_FEATURE:0c_static_assert
    Feature record: C_FEATURE:0c_variadic_macros
Determining if the CXX compiler works passed with the following output:
Change Dir: /Users/minhnguyen/Documents/Learning/udacity/CarND-Extended-Kalman-Filter-Project/build/CMakeFiles/CMakeTmp

Run Build Command:"/usr/local/bin/gmake" "cmTC_a653e/fast"
/usr/local/bin/gmake -f CMakeFiles/cmTC_a653e.dir/build.make CMakeFiles/cmTC_a653e.dir/build
gmake[1]: Entering directory '/Users/minhnguyen/Documents/Learning/udacity/CarND-Extended-Kalman-Filter-Project/build/CMakeFiles/CMakeTmp'
Building CXX object CMakeFiles/cmTC_a653e.dir/testCXXCompiler.cxx.o
/Library/Developer/CommandLineTools/usr/bin/c++     -o CMakeFiles/cmTC_a653e.dir/testCXXCompiler.cxx.o -c /Users/minhnguyen/Documents/Learning/udacity/CarND-Extended-Kalman-Filter-Project/build/CMakeFiles/CMakeTmp/testCXXCompiler.cxx
Linking CXX executable cmTC_a653e
/usr/local/Cellar/cmake/3.8.2/bin/cmake -E cmake_link_script CMakeFiles/cmTC_a653e.dir/link.txt --verbose=1
/Library/Developer/CommandLineTools/usr/bin/c++    -Wl,-search_paths_first -Wl,-headerpad_max_install_names   CMakeFiles/cmTC_a653e.dir/testCXXCompiler.cxx.o  -o cmTC_a653e 
gmake[1]: Leaving directory '/Users/minhnguyen/Documents/Learning/udacity/CarND-Extended-Kalman-Filter-Project/build/CMakeFiles/CMakeTmp'


Detecting CXX compiler ABI info compiled with the following output:
Change Dir: /Users/minhnguyen/Documents/Learning/udacity/CarND-Extended-Kalman-Filter-Project/build/CMakeFiles/CMakeTmp

Run Build Command:"/usr/local/bin/gmake" "cmTC_367bb/fast"
/usr/local/bin/gmake -f CMakeFiles/cmTC_367bb.dir/build.make CMakeFiles/cmTC_367bb.dir/build
gmake[1]: Entering directory '/Users/minhnguyen/Documents/Learning/udacity/CarND-Extended-Kalman-Filter-Project/build/CMakeFiles/CMakeTmp'
Building CXX object CMakeFiles/cmTC_367bb.dir/CMakeCXXCompilerABI.cpp.o
/Library/Developer/CommandLineTools/usr/bin/c++     -o CMakeFiles/cmTC_367bb.dir/CMakeCXXCompilerABI.cpp.o -c /usr/local/Cellar/cmake/3.8.2/share/cmake/Modules/CMakeCXXCompilerABI.cpp
Linking CXX executable cmTC_367bb
/usr/local/Cellar/cmake/3.8.2/bin/cmake -E cmake_link_script CMakeFiles/cmTC_367bb.dir/link.txt --verbose=1
/Library/Developer/CommandLineTools/usr/bin/c++    -Wl,-search_paths_first -Wl,-headerpad_max_install_names  -v -Wl,-v CMakeFiles/cmTC_367bb.dir/CMakeCXXCompilerABI.cpp.o  -o cmTC_367bb 
Apple LLVM version 7.3.0 (clang-703.0.31)
Target: x86_64-apple-darwin15.3.0
Thread model: posix
InstalledDir: /Library/Developer/CommandLineTools/usr/bin
 "/Library/Developer/CommandLineTools/usr/bin/ld" -demangle -dynamic -arch x86_64 -macosx_version_min 10.11.0 -o cmTC_367bb -search_paths_first -headerpad_max_install_names -v CMakeFiles/cmTC_367bb.dir/CMakeCXXCompilerABI.cpp.o -lc++ -lSystem /Library/Developer/CommandLineTools/usr/bin/../lib/clang/7.3.0/lib/darwin/libclang_rt.osx.a
@(#)PROGRAM:ld  PROJECT:ld64-264.3.102
configured to support archs: armv6 armv7 armv7s arm64 i386 x86_64 x86_64h armv6m armv7k armv7m armv7em (tvOS)
Library search paths:
	/usr/lib
	/usr/local/lib
Framework search paths:
	/Library/Frameworks/
	/System/Library/Frameworks/
gmake[1]: Leaving directory '/Users/minhnguyen/Documents/Learning/udacity/CarND-Extended-Kalman-Filter-Project/build/CMakeFiles/CMakeTmp'


Parsed CXX implicit link information from above output:
  link line regex: [^( *|.*[/\])(ld|([^/\]+-)?ld|collect2)[^/\]*( |$)]
  ignore line: [Change Dir: /Users/minhnguyen/Documents/Learning/udacity/CarND-Extended-Kalman-Filter-Project/build/CMakeFiles/CMakeTmp]
  ignore line: []
  ignore line: [Run Build Command:"/usr/local/bin/gmake" "cmTC_367bb/fast"]
  ignore line: [/usr/local/bin/gmake -f CMakeFiles/cmTC_367bb.dir/build.make CMakeFiles/cmTC_367bb.dir/build]
  ignore line: [gmake[1]: Entering directory '/Users/minhnguyen/Documents/Learning/udacity/CarND-Extended-Kalman-Filter-Project/build/CMakeFiles/CMakeTmp']
  ignore line: [Building CXX object CMakeFiles/cmTC_367bb.dir/CMakeCXXCompilerABI.cpp.o]
  ignore line: [/Library/Developer/CommandLineTools/usr/bin/c++     -o CMakeFiles/cmTC_367bb.dir/CMakeCXXCompilerABI.cpp.o -c /usr/local/Cellar/cmake/3.8.2/share/cmake/Modules/CMakeCXXCompilerABI.cpp]
  ignore line: [Linking CXX executable cmTC_367bb]
  ignore line: [/usr/local/Cellar/cmake/3.8.2/bin/cmake -E cmake_link_script CMakeFiles/cmTC_367bb.dir/link.txt --verbose=1]
  ignore line: [/Library/Developer/CommandLineTools/usr/bin/c++    -Wl,-search_paths_first -Wl,-headerpad_max_install_names  -v -Wl,-v CMakeFiles/cmTC_367bb.dir/CMakeCXXCompilerABI.cpp.o  -o cmTC_367bb ]
  ignore line: [Apple LLVM version 7.3.0 (clang-703.0.31)]
  ignore line: [Target: x86_64-apple-darwin15.3.0]
  ignore line: [Thread model: posix]
  ignore line: [InstalledDir: /Library/Developer/CommandLineTools/usr/bin]
  link line: [ "/Library/Developer/CommandLineTools/usr/bin/ld" -demangle -dynamic -arch x86_64 -macosx_version_min 10.11.0 -o cmTC_367bb -search_paths_first -headerpad_max_install_names -v CMakeFiles/cmTC_367bb.dir/CMakeCXXCompilerABI.cpp.o -lc++ -lSystem /Library/Developer/CommandLineTools/usr/bin/../lib/clang/7.3.0/lib/darwin/libclang_rt.osx.a]
    arg [/Library/Developer/CommandLineTools/usr/bin/ld] ==> ignore
    arg [-demangle] ==> ignore
    arg [-dynamic] ==> ignore
    arg [-arch] ==> ignore
    arg [x86_64] ==> ignore
    arg [-macosx_version_min] ==> ignore
    arg [10.11.0] ==> ignore
    arg [-o] ==> ignore
    arg [cmTC_367bb] ==> ignore
    arg [-search_paths_first] ==> ignore
    arg [-headerpad_max_install_names] ==> ignore
    arg [-v] ==> ignore
    arg [CMakeFiles/cmTC_367bb.dir/CMakeCXXCompilerABI.cpp.o] ==> ignore
    arg [-lc++] ==> lib [c++]
    arg [-lSystem] ==> lib [System]
    arg [/Library/Developer/CommandLineTools/usr/bin/../lib/clang/7.3.0/lib/darwin/libclang_rt.osx.a] ==> lib [/Library/Developer/CommandLineTools/usr/bin/../lib/clang/7.3.0/lib/darwin/libclang_rt.osx.a]
  Library search paths: [;/usr/lib;/usr/local/lib]
  Framework search paths: [;/Library/Frameworks/;/System/Library/Frameworks/]
  remove lib [System]
  remove lib [/Library/Developer/CommandLineTools/usr/bin/../lib/clang/7.3.0/lib/darwin/libclang_rt.osx.a]
  collapse library dir [/usr/lib] ==> [/usr/lib]
  collapse library dir [/usr/local/lib] ==> [/usr/local/lib]
  collapse framework dir [/Library/Frameworks/] ==> [/Library/Frameworks]
  collapse framework dir [/System/Library/Frameworks/] ==> [/System/Library/Frameworks]
  implicit libs: [c++]
  implicit dirs: [/usr/lib;/usr/local/lib]
  implicit fwks: [/Library/Frameworks;/System/Library/Frameworks]




Detecting CXX [-std=c++1z] compiler features compiled with the following output:
Change Dir: /Users/minhnguyen/Documents/Learning/udacity/CarND-Extended-Kalman-Filter-Project/build/CMakeFiles/CMakeTmp

Run Build Command:"/usr/local/bin/gmake" "cmTC_9827c/fast"
/usr/local/bin/gmake -f CMakeFiles/cmTC_9827c.dir/build.make CMakeFiles/cmTC_9827c.dir/build
gmake[1]: Entering directory '/Users/minhnguyen/Documents/Learning/udacity/CarND-Extended-Kalman-Filter-Project/build/CMakeFiles/CMakeTmp'
Building CXX object CMakeFiles/cmTC_9827c.dir/feature_tests.cxx.o
/Library/Developer/CommandLineTools/usr/bin/c++    -std=c++1z -o CMakeFiles/cmTC_9827c.dir/feature_tests.cxx.o -c /Users/minhnguyen/Documents/Learning/udacity/CarND-Extended-Kalman-Filter-Project/build/CMakeFiles/feature_tests.cxx
Linking CXX executable cmTC_9827c
/usr/local/Cellar/cmake/3.8.2/bin/cmake -E cmake_link_script CMakeFiles/cmTC_9827c.dir/link.txt --verbose=1
/Library/Developer/CommandLineTools/usr/bin/c++    -Wl,-search_paths_first -Wl,-headerpad_max_install_names   CMakeFiles/cmTC_9827c.dir/feature_tests.cxx.o  -o cmTC_9827c 
gmake[1]: Leaving directory '/Users/minhnguyen/Documents/Learning/udacity/CarND-Extended-Kalman-Filter-Project/build/CMakeFiles/CMakeTmp'


    Feature record: CXX_FEATURE:1cxx_aggregate_default_initializers
    Feature record: CXX_FEATURE:1cxx_alias_templates
    Feature record: CXX_FEATURE:1cxx_alignas
    Feature record: CXX_FEATURE:1cxx_alignof
    Feature record: CXX_FEATURE:1cxx_attributes
    Feature record: CXX_FEATURE:1cxx_attribute_deprecated
    Feature record: CXX_FEATURE:1cxx_auto_type
    Feature record: CXX_FEATURE:1cxx_binary_literals
    Feature record: CXX_FEATURE:1cxx_constexpr
    Feature record: CXX_FEATURE:1cxx_contextual_conversions
    Feature record: CXX_FEATURE:1cxx_decltype
    Feature record: CXX_FEATURE:1cxx_decltype_auto
    Feature record: CXX_FEATURE:1cxx_decltype_incomplete_return_types
    Feature record: CXX_FEATURE:1cxx_default_function_template_args
    Feature record: CXX_FEATURE:1cxx_defaulted_functions
    Feature record: CXX_FEATURE:1cxx_defaulted_move_initializers
    Feature record: CXX_FEATURE:1cxx_delegating_constructors
    Feature record: CXX_FEATURE:1cxx_deleted_functions
    Feature record: CXX_FEATURE:1cxx_digit_separators
    Feature record: CXX_FEATURE:1cxx_enum_forward_declarations
    Feature record: CXX_FEATURE:1cxx_explicit_conversions
    Feature record: CXX_FEATURE:1cxx_extended_friend_declarations
    Feature record: CXX_FEATURE:1cxx_extern_templates
    Feature record: CXX_FEATURE:1cxx_final
    Feature record: CXX_FEATURE:1cxx_func_identifier
    Feature record: CXX_FEATURE:1cxx_generalized_initializers
    Feature record: CXX_FEATURE:1cxx_generic_lambdas
    Feature record: CXX_FEATURE:1cxx_inheriting_constructors
    Feature record: CXX_FEATURE:1cxx_inline_namespaces
    Feature record: CXX_FEATURE:1cxx_lambdas
    Feature record: CXX_FEATURE:1cxx_lambda_init_captures
    Feature record: CXX_FEATURE:1cxx_local_type_template_args
    Feature record: CXX_FEATURE:1cxx_long_long_type
    Feature record: CXX_FEATURE:1cxx_noexcept
    Feature record: CXX_FEATURE:1cxx_nonstatic_member_init
    Feature record: CXX_FEATURE:1cxx_nullptr
    Feature record: CXX_FEATURE:1cxx_override
    Feature record: CXX_FEATURE:1cxx_range_for
    Feature record: CXX_FEATURE:1cxx_raw_string_literals
    Feature record: CXX_FEATURE:1cxx_reference_qualified_functions
    Feature record: CXX_FEATURE:1cxx_relaxed_constexpr
    Feature record: CXX_FEATURE:1cxx_return_type_deduction
    Feature record: CXX_FEATURE:1cxx_right_angle_brackets
    Feature record: CXX_FEATURE:1cxx_rvalue_references
    Feature record: CXX_FEATURE:1cxx_sizeof_member
    Feature record: CXX_FEATURE:1cxx_static_assert
    Feature record: CXX_FEATURE:1cxx_strong_enums
    Feature record: CXX_FEATURE:1cxx_template_template_parameters
    Feature record: CXX_FEATURE:0cxx_thread_local
    Feature record: CXX_FEATURE:1cxx_trailing_return_types
    Feature record: CXX_FEATURE:1cxx_unicode_literals
    Feature record: CXX_FEATURE:1cxx_uniform_initialization
    Feature record: CXX_FEATURE:1cxx_unrestricted_unions
    Feature record: CXX_FEATURE:1cxx_user_literals
    Feature record: CXX_FEATURE:1cxx_variable_templates
    Feature record: CXX_FEATURE:1cxx_variadic_macros
    Feature record: CXX_FEATURE:1cxx_variadic_templates


Detecting CXX [-std=c++14] compiler features compiled with the following output:
Change Dir: /Users/minhnguyen/Documents/Learning/udacity/CarND-Extended-Kalman-Filter-Project/build/CMakeFiles/CMakeTmp

Run Build Command:"/usr/local/bin/gmake" "cmTC_a2823/fast"
/usr/local/bin/gmake -f CMakeFiles/cmTC_a2823.dir/build.make CMakeFiles/cmTC_a2823.dir/build
gmake[1]: Entering directory '/Users/minhnguyen/Documents/Learning/udacity/CarND-Extended-Kalman-Filter-Project/build/CMakeFiles/CMakeTmp'
Building CXX object CMakeFiles/cmTC_a2823.dir/feature_tests.cxx.o
/Library/Developer/CommandLineTools/usr/bin/c++    -std=c++14 -o CMakeFiles/cmTC_a2823.dir/feature_tests.cxx.o -c /Users/minhnguyen/Documents/Learning/udacity/CarND-Extended-Kalman-Filter-Project/build/CMakeFiles/feature_tests.cxx
Linking CXX executable cmTC_a2823
/usr/local/Cellar/cmake/3.8.2/bin/cmake -E cmake_link_script CMakeFiles/cmTC_a2823.dir/link.txt --verbose=1
/Library/Developer/CommandLineTools/usr/bin/c++    -Wl,-search_paths_first -Wl,-headerpad_max_install_names   CMakeFiles/cmTC_a2823.dir/feature_tests.cxx.o  -o cmTC_a2823 
gmake[1]: Leaving directory '/Users/minhnguyen/Documents/Learning/udacity/CarND-Extended-Kalman-Filter-Project/build/CMakeFiles/CMakeTmp'


    Feature record: CXX_FEATURE:1cxx_aggregate_default_initializers
    Feature record: CXX_FEATURE:1cxx_alias_templates
    Feature record: CXX_FEATURE:1cxx_alignas
    Feature record: CXX_FEATURE:1cxx_alignof
    Feature record: CXX_FEATURE:1cxx_attributes
    Feature record: CXX_FEATURE:1cxx_attribute_deprecated
    Feature record: CXX_FEATURE:1cxx_auto_type
    Feature record: CXX_FEATURE:1cxx_binary_literals
    Feature record: CXX_FEATURE:1cxx_constexpr
    Feature record: CXX_FEATURE:1cxx_contextual_conversions
    Feature record: CXX_FEATURE:1cxx_decltype
    Feature record: CXX_FEATURE:1cxx_decltype_auto
    Feature record: CXX_FEATURE:1cxx_decltype_incomplete_return_types
    Feature record: CXX_FEATURE:1cxx_default_function_template_args
    Feature record: CXX_FEATURE:1cxx_defaulted_functions
    Feature record: CXX_FEATURE:1cxx_defaulted_move_initializers
    Feature record: CXX_FEATURE:1cxx_delegating_constructors
    Feature record: CXX_FEATURE:1cxx_deleted_functions
    Feature record: CXX_FEATURE:1cxx_digit_separators
    Feature record: CXX_FEATURE:1cxx_enum_forward_declarations
    Feature record: CXX_FEATURE:1cxx_explicit_conversions
    Feature record: CXX_FEATURE:1cxx_extended_friend_declarations
    Feature record: CXX_FEATURE:1cxx_extern_templates
    Feature record: CXX_FEATURE:1cxx_final
    Feature record: CXX_FEATURE:1cxx_func_identifier
    Feature record: CXX_FEATURE:1cxx_generalized_initializers
    Feature record: CXX_FEATURE:1cxx_generic_lambdas
    Feature record: CXX_FEATURE:1cxx_inheriting_constructors
    Feature record: CXX_FEATURE:1cxx_inline_namespaces
    Feature record: CXX_FEATURE:1cxx_lambdas
    Feature record: CXX_FEATURE:1cxx_lambda_init_captures
    Feature record: CXX_FEATURE:1cxx_local_type_template_args
    Feature record: CXX_FEATURE:1cxx_long_long_type
    Feature record: CXX_FEATURE:1cxx_noexcept
    Feature record: CXX_FEATURE:1cxx_nonstatic_member_init
    Feature record: CXX_FEATURE:1cxx_nullptr
    Feature record: CXX_FEATURE:1cxx_override
    Feature record: CXX_FEATURE:1cxx_range_for
    Feature record: CXX_FEATURE:1cxx_raw_string_literals
    Feature record: CXX_FEATURE:1cxx_reference_qualified_functions
    Feature record: CXX_FEATURE:1cxx_relaxed_constexpr
    Feature record: CXX_FEATURE:1cxx_return_type_deduction
    Feature record: CXX_FEATURE:1cxx_right_angle_brackets
    Feature record: CXX_FEATURE:1cxx_rvalue_references
    Feature record: CXX_FEATURE:1cxx_sizeof_member
    Feature record: CXX_FEATURE:1cxx_static_assert
    Feature record: CXX_FEATURE:1cxx_strong_enums
    Feature record: CXX_FEATURE:1cxx_template_template_parameters
    Feature record: CXX_FEATURE:0cxx_thread_local
    Feature record: CXX_FEATURE:1cxx_trailing_return_types
    Feature record: CXX_FEATURE:1cxx_unicode_literals
    Feature record: CXX_FEATURE:1cxx_uniform_initialization
    Feature record: CXX_FEATURE:1cxx_unrestricted_unions
    Feature record: CXX_FEATURE:1cxx_user_literals
    Feature record: CXX_FEATURE:1cxx_variable_templates
    Feature record: CXX_FEATURE:1cxx_variadic_macros
    Feature record: CXX_FEATURE:1cxx_variadic_templates


Detecting CXX [-std=c++11] compiler features compiled with the following output:
Change Dir: /Users/minhnguyen/Documents/Learning/udacity/CarND-Extended-Kalman-Filter-Project/build/CMakeFiles/CMakeTmp

Run Build Command:"/usr/local/bin/gmake" "cmTC_911e1/fast"
/usr/local/bin/gmake -f CMakeFiles/cmTC_911e1.dir/build.make CMakeFiles/cmTC_911e1.dir/build
gmake[1]: Entering directory '/Users/minhnguyen/Documents/Learning/udacity/CarND-Extended-Kalman-Filter-Project/build/CMakeFiles/CMakeTmp'
Building CXX object CMakeFiles/cmTC_911e1.dir/feature_tests.cxx.o
/Library/Developer/CommandLineTools/usr/bin/c++    -std=c++11 -o CMakeFiles/cmTC_911e1.dir/feature_tests.cxx.o -c /Users/minhnguyen/Documents/Learning/udacity/CarND-Extended-Kalman-Filter-Project/build/CMakeFiles/feature_tests.cxx
Linking CXX executable cmTC_911e1
/usr/local/Cellar/cmake/3.8.2/bin/cmake -E cmake_link_script CMakeFiles/cmTC_911e1.dir/link.txt --verbose=1
/Library/Developer/CommandLineTools/usr/bin/c++    -Wl,-search_paths_first -Wl,-headerpad_max_install_names   CMakeFiles/cmTC_911e1.dir/feature_tests.cxx.o  -o cmTC_911e1 
gmake[1]: Leaving directory '/Users/minhnguyen/Documents/Learning/udacity/CarND-Extended-Kalman-Filter-Project/build/CMakeFiles/CMakeTmp'


    Feature record: CXX_FEATURE:0cxx_aggregate_default_initializers
    Feature record: CXX_FEATURE:1cxx_alias_templates
    Feature record: CXX_FEATURE:1cxx_alignas
    Feature record: CXX_FEATURE:1cxx_alignof
    Feature record: CXX_FEATURE:1cxx_attributes
    Feature record: CXX_FEATURE:0cxx_attribute_deprecated
    Feature record: CXX_FEATURE:1cxx_auto_type
    Feature record: CXX_FEATURE:0cxx_binary_literals
    Feature record: CXX_FEATURE:1cxx_constexpr
    Feature record: CXX_FEATURE:0cxx_contextual_conversions
    Feature record: CXX_FEATURE:1cxx_decltype
    Feature record: CXX_FEATURE:0cxx_decltype_auto
    Feature record: CXX_FEATURE:1cxx_decltype_incomplete_return_types
    Feature record: CXX_FEATURE:1cxx_default_function_template_args
    Feature record: CXX_FEATURE:1cxx_defaulted_functions
    Feature record: CXX_FEATURE:1cxx_defaulted_move_initializers
    Feature record: CXX_FEATURE:1cxx_delegating_constructors
    Feature record: CXX_FEATURE:1cxx_deleted_functions
    Feature record: CXX_FEATURE:0cxx_digit_separators
    Feature record: CXX_FEATURE:1cxx_enum_forward_declarations
    Feature record: CXX_FEATURE:1cxx_explicit_conversions
    Feature record: CXX_FEATURE:1cxx_extended_friend_declarations
    Feature record: CXX_FEATURE:1cxx_extern_templates
    Feature record: CXX_FEATURE:1cxx_final
    Feature record: CXX_FEATURE:1cxx_func_identifier
    Feature record: CXX_FEATURE:1cxx_generalized_initializers
    Feature record: CXX_FEATURE:0cxx_generic_lambdas
    Feature record: CXX_FEATURE:1cxx_inheriting_constructors
    Feature record: CXX_FEATURE:1cxx_inline_namespaces
    Feature record: CXX_FEATURE:1cxx_lambdas
    Feature record: CXX_FEATURE:0cxx_lambda_init_captures
    Feature record: CXX_FEATURE:1cxx_local_type_template_args
    Feature record: CXX_FEATURE:1cxx_long_long_type
    Feature record: CXX_FEATURE:1cxx_noexcept
    Feature record: CXX_FEATURE:1cxx_nonstatic_member_init
    Feature record: CXX_FEATURE:1cxx_nullptr
    Feature record: CXX_FEATURE:1cxx_override
    Feature record: CXX_FEATURE:1cxx_range_for
    Feature record: CXX_FEATURE:1cxx_raw_string_literals
    Feature record: CXX_FEATURE:1cxx_reference_qualified_functions
    Feature record: CXX_FEATURE:0cxx_relaxed_constexpr
    Feature record: CXX_FEATURE:0cxx_return_type_deduction
    Feature record: CXX_FEATURE:1cxx_right_angle_brackets
    Feature record: CXX_FEATURE:1cxx_rvalue_references
    Feature record: CXX_FEATURE:1cxx_sizeof_member
    Feature record: CXX_FEATURE:1cxx_static_assert
    Feature record: CXX_FEATURE:1cxx_strong_enums
    Feature record: CXX_FEATURE:1cxx_template_template_parameters
    Feature record: CXX_FEATURE:0cxx_thread_local
    Feature record: CXX_FEATURE:1cxx_trailing_return_types
    Feature record: CXX_FEATURE:1cxx_unicode_literals
    Feature record: CXX_FEATURE:1cxx_uniform_initialization
    Feature record: CXX_FEATURE:1cxx_unrestricted_unions
    Feature record: CXX_FEATURE:1cxx_user_literals
    Feature record: CXX_FEATURE:0cxx_variable_templates
    Feature record: CXX_FEATURE:1cxx_variadic_macros
    Feature record: CXX_FEATURE:1cxx_variadic_templates


Detecting CXX [-std=c++98] compiler features compiled with the following output:
Change Dir: /Users/minhnguyen/Documents/Learning/udacity/CarND-Extended-Kalman-Filter-Project/build/CMakeFiles/CMakeTmp

Run Build Command:"/usr/local/bin/gmake" "cmTC_85383/fast"
/usr/local/bin/gmake -f CMakeFiles/cmTC_85383.dir/build.make CMakeFiles/cmTC_85383.dir/build
gmake[1]: Entering directory '/Users/minhnguyen/Documents/Learning/udacity/CarND-Extended-Kalman-Filter-Project/build/CMakeFiles/CMakeTmp'
Building CXX object CMakeFiles/cmTC_85383.dir/feature_tests.cxx.o
/Library/Developer/CommandLineTools/usr/bin/c++    -std=c++98 -o CMakeFiles/cmTC_85383.dir/feature_tests.cxx.o -c /Users/minhnguyen/Documents/Learning/udacity/CarND-Extended-Kalman-Filter-Project/build/CMakeFiles/feature_tests.cxx
Linking CXX executable cmTC_85383
/usr/local/Cellar/cmake/3.8.2/bin/cmake -E cmake_link_script CMakeFiles/cmTC_85383.dir/link.txt --verbose=1
/Library/Developer/CommandLineTools/usr/bin/c++    -Wl,-search_paths_first -Wl,-headerpad_max_install_names   CMakeFiles/cmTC_85383.dir/feature_tests.cxx.o  -o cmTC_85383 
gmake[1]: Leaving directory '/Users/minhnguyen/Documents/Learning/udacity/CarND-Extended-Kalman-Filter-Project/build/CMakeFiles/CMakeTmp'


    Feature record: CXX_FEATURE:0cxx_aggregate_default_initializers
    Feature record: CXX_FEATURE:0cxx_alias_templates
    Feature record: CXX_FEATURE:0cxx_alignas
    Feature record: CXX_FEATURE:0cxx_alignof
    Feature record: CXX_FEATURE:0cxx_attributes
    Feature record: CXX_FEATURE:0cxx_attribute_deprecated
    Feature record: CXX_FEATURE:0cxx_auto_type
    Feature record: CXX_FEATURE:0cxx_binary_literals
    Feature record: CXX_FEATURE:0cxx_constexpr
    Feature record: CXX_FEATURE:0cxx_contextual_conversions
    Feature record: CXX_FEATURE:0cxx_decltype
    Feature record: CXX_FEATURE:0cxx_decltype_auto
    Feature record: CXX_FEATURE:0cxx_decltype_incomplete_return_types
    Feature record: CXX_FEATURE:0cxx_default_function_template_args
    Feature record: CXX_FEATURE:0cxx_defaulted_functions
    Feature record: CXX_FEATURE:0cxx_defaulted_move_initializers
    Feature record: CXX_FEATURE:0cxx_delegating_constructors
    Feature record: CXX_FEATURE:0cxx_deleted_functions
    Feature record: CXX_FEATURE:0cxx_digit_separators
    Feature record: CXX_FEATURE:0cxx_enum_forward_declarations
    Feature record: CXX_FEATURE:0cxx_explicit_conversions
    Feature record: CXX_FEATURE:0cxx_extended_friend_declarations
    Feature record: CXX_FEATURE:0cxx_extern_templates
    Feature record: CXX_FEATURE:0cxx_final
    Feature record: CXX_FEATURE:0cxx_func_identifier
    Feature record: CXX_FEATURE:0cxx_generalized_initializers
    Feature record: CXX_FEATURE:0cxx_generic_lambdas
    Feature record: CXX_FEATURE:0cxx_inheriting_constructors
    Feature record: CXX_FEATURE:0cxx_inline_namespaces
    Feature record: CXX_FEATURE:0cxx_lambdas
    Feature record: CXX_FEATURE:0cxx_lambda_init_captures
    Feature record: CXX_FEATURE:0cxx_local_type_template_args
    Feature record: CXX_FEATURE:0cxx_long_long_type
    Feature record: CXX_FEATURE:0cxx_noexcept
    Feature record: CXX_FEATURE:0cxx_nonstatic_member_init
    Feature record: CXX_FEATURE:0cxx_nullptr
    Feature record: CXX_FEATURE:0cxx_override
    Feature record: CXX_FEATURE:0cxx_range_for
    Feature record: CXX_FEATURE:0cxx_raw_string_literals
    Feature record: CXX_FEATURE:0cxx_reference_qualified_functions
    Feature record: CXX_FEATURE:0cxx_relaxed_constexpr
    Feature record: CXX_FEATURE:0cxx_return_type_deduction
    Feature record: CXX_FEATURE:0cxx_right_angle_brackets
    Feature record: CXX_FEATURE:0cxx_rvalue_references
    Feature record: CXX_FEATURE:0cxx_sizeof_member
    Feature record: CXX_FEATURE:0cxx_static_assert
    Feature record: CXX_FEATURE:0cxx_strong_enums
    Feature record: CXX_FEATURE:1cxx_template_template_parameters
    Feature record: CXX_FEATURE:0cxx_thread_local
    Feature record: CXX_FEATURE:0cxx_trailing_return_types
    Feature record: CXX_FEATURE:0cxx_unicode_literals
    Feature record: CXX_FEATURE:0cxx_uniform_initialization
    Feature record: CXX_FEATURE:0cxx_unrestricted_unions
    Feature record: CXX_FEATURE:0cxx_user_literals
    Feature record: CXX_FEATURE:0cxx_variable_templates
    Feature record: CXX_FEATURE:0cxx_variadic_macros
    Feature record: CXX_FEATURE:0cxx_variadic_templates
